# JRE version: OpenJDK Runtime Environment (11.0.6+8) (build 11.0.6+8-b765.25)
# Java VM: OpenJDK 64-Bit Server VM (11.0.6+8-b765.25, mixed mode, sharing, tiered, compressed oops, g1 gc, windows-amd64)
Heap:
 garbage-first heap   total 260096K, used 67365K [0x00000000e0000000, 0x0000000100000000)
  region size 1024K, 50 young (51200K), 5 survivors (5120K)
 Metaspace       used 32353K, capacity 33041K, committed 33200K, reserved 282624K
  class space    used 4567K, capacity 4799K, committed 4864K, reserved 253952K
GC Heap History (6 events):
Event: 0.992 GC heap before
{Heap before GC invocations=0 (full 0):
 garbage-first heap   total 260096K, used 26624K [0x00000000e0000000, 0x0000000100000000)
  region size 1024K, 24 young (24576K), 0 survivors (0K)
 Metaspace       used 3880K, capacity 6591K, committed 6784K, reserved 262144K
  class space    used 498K, capacity 770K, committed 896K, reserved 253952K
}
Event: 0.999 GC heap after
{Heap after GC invocations=1 (full 0):
 garbage-first heap   total 260096K, used 7755K [0x00000000e0000000, 0x0000000100000000)
  region size 1024K, 3 young (3072K), 3 survivors (3072K)
 Metaspace       used 3880K, capacity 6591K, committed 6784K, reserved 262144K
  class space    used 498K, capacity 770K, committed 896K, reserved 253952K
}
Event: 4.510 GC heap before
{Heap before GC invocations=1 (full 0):
 garbage-first heap   total 260096K, used 122443K [0x00000000e0000000, 0x0000000100000000)
  region size 1024K, 116 young (118784K), 3 survivors (3072K)
 Metaspace       used 20729K, capacity 21154K, committed 21296K, reserved 272384K
  class space    used 2941K, capacity 3108K, committed 3200K, reserved 253952K
}
Event: 4.527 GC heap after
{Heap after GC invocations=2 (full 0):
 garbage-first heap   total 260096K, used 17749K [0x00000000e0000000, 0x0000000100000000)
  region size 1024K, 13 young (13312K), 13 survivors (13312K)
 Metaspace       used 20729K, capacity 21154K, committed 21296K, reserved 272384K
  class space    used 2941K, capacity 3108K, committed 3200K, reserved 253952K
}
Event: 6.204 GC heap before
{Heap before GC invocations=3 (full 0):
 garbage-first heap   total 260096K, used 99669K [0x00000000e0000000, 0x0000000100000000)
  region size 1024K, 91 young (93184K), 13 survivors (13312K)
 Metaspace       used 29879K, capacity 30579K, committed 30768K, reserved 280576K
  class space    used 4158K, capacity 4391K, committed 4480K, reserved 253952K
}
Event: 6.219 GC heap after
{Heap after GC invocations=4 (full 0):
 garbage-first heap   total 260096K, used 22309K [0x00000000e0000000, 0x0000000100000000)
  region size 1024K, 5 young (5120K), 5 survivors (5120K)
 Metaspace       used 29879K, capacity 30579K, committed 30768K, reserved 280576K
  class space    used 4158K, capacity 4391K, committed 4480K, reserved 253952K
}

