# JRE version: OpenJDK Runtime Environment (11.0.6+8) (build 11.0.6+8-b765.25)
# Java VM: OpenJDK 64-Bit Server VM (11.0.6+8-b765.25, mixed mode, sharing, tiered, compressed oops, g1 gc, windows-amd64)
Heap:
 garbage-first heap   total 260096K, used 75725K [0x00000000e0000000, 0x0000000100000000)
  region size 1024K, 59 young (60416K), 10 survivors (10240K)
 Metaspace       used 37802K, capacity 38637K, committed 38960K, reserved 288768K
  class space    used 5349K, capacity 5633K, committed 5760K, reserved 253952K
GC Heap History (10 events):
Event: 1.391 GC heap before
{Heap before GC invocations=0 (full 0):
 garbage-first heap   total 260096K, used 26624K [0x00000000e0000000, 0x0000000100000000)
  region size 1024K, 24 young (24576K), 0 survivors (0K)
 Metaspace       used 3877K, capacity 6591K, committed 6784K, reserved 262144K
  class space    used 499K, capacity 770K, committed 896K, reserved 253952K
}
Event: 1.397 GC heap after
{Heap after GC invocations=1 (full 0):
 garbage-first heap   total 260096K, used 7756K [0x00000000e0000000, 0x0000000100000000)
  region size 1024K, 3 young (3072K), 3 survivors (3072K)
 Metaspace       used 3877K, capacity 6591K, committed 6784K, reserved 262144K
  class space    used 499K, capacity 770K, committed 896K, reserved 253952K
}
Event: 5.652 GC heap before
{Heap before GC invocations=1 (full 0):
 garbage-first heap   total 260096K, used 121420K [0x00000000e0000000, 0x0000000100000000)
  region size 1024K, 115 young (117760K), 3 survivors (3072K)
 Metaspace       used 20733K, capacity 21154K, committed 21296K, reserved 272384K
  class space    used 2944K, capacity 3108K, committed 3200K, reserved 253952K
}
Event: 5.671 GC heap after
{Heap after GC invocations=2 (full 0):
 garbage-first heap   total 260096K, used 17698K [0x00000000e0000000, 0x0000000100000000)
  region size 1024K, 13 young (13312K), 13 survivors (13312K)
 Metaspace       used 20733K, capacity 21154K, committed 21296K, reserved 272384K
  class space    used 2944K, capacity 3108K, committed 3200K, reserved 253952K
}
Event: 6.474 GC heap before
{Heap before GC invocations=3 (full 0):
 garbage-first heap   total 260096K, used 44322K [0x00000000e0000000, 0x0000000100000000)
  region size 1024K, 37 young (37888K), 13 survivors (13312K)
 Metaspace       used 23934K, capacity 24465K, committed 24624K, reserved 276480K
  class space    used 3244K, capacity 3442K, committed 3456K, reserved 253952K
}
Event: 6.492 GC heap after
{Heap after GC invocations=4 (full 0):
 garbage-first heap   total 260096K, used 20803K [0x00000000e0000000, 0x0000000100000000)
  region size 1024K, 4 young (4096K), 4 survivors (4096K)
 Metaspace       used 23934K, capacity 24465K, committed 24624K, reserved 276480K
  class space    used 3244K, capacity 3442K, committed 3456K, reserved 253952K
}
Event: 8.060 GC heap before
{Heap before GC invocations=4 (full 0):
 garbage-first heap   total 260096K, used 100675K [0x00000000e0000000, 0x0000000100000000)
  region size 1024K, 82 young (83968K), 4 survivors (4096K)
 Metaspace       used 31022K, capacity 31707K, committed 31920K, reserved 282624K
  class space    used 4358K, capacity 4570K, committed 4608K, reserved 253952K
}
Event: 8.068 GC heap after
{Heap after GC invocations=5 (full 0):
 garbage-first heap   total 260096K, used 24050K [0x00000000e0000000, 0x0000000100000000)
  region size 1024K, 7 young (7168K), 7 survivors (7168K)
 Metaspace       used 31022K, capacity 31707K, committed 31920K, reserved 282624K
  class space    used 4358K, capacity 4570K, committed 4608K, reserved 253952K
}
Event: 8.916 GC heap before
{Heap before GC invocations=5 (full 0):
 garbage-first heap   total 260096K, used 62962K [0x00000000e0000000, 0x0000000100000000)
  region size 1024K, 46 young (47104K), 7 survivors (7168K)
 Metaspace       used 35047K, capacity 35824K, committed 35888K, reserved 284672K
  class space    used 4953K, capacity 5206K, committed 5248K, reserved 253952K
}
Event: 8.938 GC heap after
{Heap after GC invocations=6 (full 0):
 garbage-first heap   total 260096K, used 27597K [0x00000000e0000000, 0x0000000100000000)
  region size 1024K, 10 young (10240K), 10 survivors (10240K)
 Metaspace       used 35047K, capacity 35824K, committed 35888K, reserved 284672K
  class space    used 4953K, capacity 5206K, committed 5248K, reserved 253952K
}

